2025-06-08 18:09:47: Freeing object: TRegion
2025-06-08 18:09:48: Freeing object: TRegion
2025-06-08 18:09:48: Freeing object: TBrush
2025-06-08 18:09:48: Freeing object: TControlChildSizing
2025-06-08 18:09:48: Freeing object: TAnchorSide
2025-06-08 18:09:48: Freeing object: TAnchorSide
2025-06-08 18:09:48: Freeing object: TAnchorSide
2025-06-08 18:09:48: Freeing object: TAnchorSide
2025-06-08 18:09:48: Freeing object: TControlBorderSpacing
2025-06-08 18:09:48: Freeing object: TSizeConstraints
2025-06-08 18:09:48: Freeing object: TFont
2025-06-08 18:09:48: Freeing object: TLazAccessibleObject
2025-06-08 18:09:48: Freeing object: TRegion
2025-06-08 18:09:48: Freeing object: TControlChildSizing
2025-06-08 18:09:48: Freeing object: TAnchorSide
2025-06-08 18:09:48: Freeing object: TAnchorSide
2025-06-08 18:09:48: Freeing object: TAnchorSide
2025-06-08 18:09:48: Freeing object: TAnchorSide
2025-06-08 18:09:48: Freeing object: TControlBorderSpacing
2025-06-08 18:09:48: Freeing object: TSizeConstraints
2025-06-08 18:09:48: Freeing object: TFont
2025-06-08 18:09:48: Freeing object: TLazAccessibleObject
2025-06-08 18:09:48: Freeing object: TTextStrings
2025-06-08 18:09:48: Freeing object: TMemoScrollbar
2025-06-08 18:09:48: Freeing object: TMemoScrollbar
2025-06-08 18:09:48: Freeing object: TControlChildSizing
2025-06-08 18:09:48: Freeing object: TAnchorSide
2025-06-08 18:09:48: Freeing object: TAnchorSide
2025-06-08 18:09:48: Freeing object: TAnchorSide
2025-06-08 18:09:48: Freeing object: TAnchorSide
2025-06-08 18:09:48: Freeing object: TControlBorderSpacing
2025-06-08 18:09:48: Freeing object: TSizeConstraints
2025-06-08 18:09:48: Freeing object: TFont
2025-06-08 18:09:48: Freeing object: TLazAccessibleObject
2025-06-08 18:09:48: Freeing object: TRegion
2025-06-08 18:09:48: Freeing object: TAnchorSide
2025-06-08 18:09:48: Freeing object: TAnchorSide
2025-06-08 18:09:48: Freeing object: TAnchorSide
2025-06-08 18:09:48: Freeing object: TAnchorSide
2025-06-08 18:09:48: Freeing object: TControlBorderSpacing
2025-06-08 18:09:48: Freeing object: TSizeConstraints
2025-06-08 18:09:48: Freeing object: TFont
2025-06-08 18:09:48: Freeing object: TLazAccessibleObject
2025-06-08 18:09:48: Freeing object: TRegion
2025-06-08 18:09:48: Freeing object: TAnchorSide
2025-06-08 18:09:48: Freeing object: TAnchorSide
2025-06-08 18:09:48: Freeing object: TAnchorSide
2025-06-08 18:09:48: Freeing object: TAnchorSide
2025-06-08 18:09:48: Freeing object: TControlBorderSpacing
2025-06-08 18:09:48: Freeing object: TSizeConstraints
2025-06-08 18:09:48: Freeing object: TFont
2025-06-08 18:09:48: Freeing object: TLazAccessibleObject
2025-06-08 18:09:48: Freeing object: TRegion
2025-06-08 18:09:48: Freeing object: TRegion
2025-06-08 18:09:48: Freeing object: TAnchorSide
2025-06-08 18:09:48: Freeing object: TAnchorSide
2025-06-08 18:09:48: Freeing object: TAnchorSide
2025-06-08 18:09:48: Freeing object: TAnchorSide
2025-06-08 18:09:48: Freeing object: TControlBorderSpacing
2025-06-08 18:09:48: Freeing object: TSizeConstraints
2025-06-08 18:09:48: Freeing object: TFont
2025-06-08 18:09:48: Freeing object: TLazAccessibleObject
2025-06-08 18:09:48: Freeing object: TMethodList
2025-06-08 18:09:48: Freeing object: TRegion
2025-06-08 18:09:48: Freeing object: TBrush
2025-06-08 18:09:48: Freeing object: TControlChildSizing
2025-06-08 18:09:48: Freeing object: TAnchorSide
2025-06-08 18:09:48: Freeing object: TAnchorSide
2025-06-08 18:09:48: Freeing object: TAnchorSide
2025-06-08 18:09:48: Freeing object: TAnchorSide
2025-06-08 18:09:48: Freeing object: TControlBorderSpacing
2025-06-08 18:09:48: Freeing object: TSizeConstraints
2025-06-08 18:09:48: Freeing object: TFont
2025-06-08 18:09:48: Freeing object: TLazAccessibleObject
2025-06-08 18:09:48: Freeing object: TButtonGlyph
2025-06-08 18:09:48: Freeing object: TBrush
2025-06-08 18:09:48: Freeing object: TControlChildSizing
2025-06-08 18:09:48: Freeing object: TAnchorSide
2025-06-08 18:09:48: Freeing object: TAnchorSide
2025-06-08 18:09:48: Freeing object: TAnchorSide
2025-06-08 18:09:48: Freeing object: TAnchorSide
2025-06-08 18:09:48: Freeing object: TControlBorderSpacing
2025-06-08 18:09:48: Freeing object: TSizeConstraints
2025-06-08 18:09:48: Freeing object: TFont
2025-06-08 18:09:48: Freeing object: TLazAccessibleObject
2025-06-08 18:09:48: Freeing object: TMethodList
2025-06-08 18:09:48: Freeing object: TMethodList
2025-06-08 18:09:48: Freeing object: TIcon
2025-06-08 18:09:48: Freeing object: TWindowMagnetOptions
2025-06-08 18:09:48: Freeing object: TControlScrollBar
2025-06-08 18:09:48: Freeing object: TControlScrollBar
2025-06-08 18:09:48: Freeing object: TRegion
2025-06-08 18:09:48: Freeing object: TBrush
2025-06-08 18:09:48: Freeing object: TControlChildSizing
2025-06-08 18:09:48: Freeing object: TAnchorSide
2025-06-08 18:09:48: Freeing object: TAnchorSide
2025-06-08 18:09:48: Freeing object: TAnchorSide
2025-06-08 18:09:48: Freeing object: TAnchorSide
2025-06-08 18:09:48: Freeing object: TControlBorderSpacing
2025-06-08 18:09:48: Freeing object: TSizeConstraints
2025-06-08 18:09:48: Freeing object: TFont
2025-06-08 18:09:48: Freeing object: TLazAccessibleObject
2025-06-08 18:09:48: Freeing object: TMethodList
2025-06-08 18:09:49: Freeing object: TRegion
2025-06-08 18:09:49: Freeing object: TIcon
2025-06-08 18:09:49: Freeing object: TWindowMagnetOptions
2025-06-08 18:09:49: Freeing object: TControlScrollBar
2025-06-08 18:09:49: Freeing object: TControlScrollBar
2025-06-08 18:09:49: Freeing object: TRegion
2025-06-08 18:09:49: Freeing object: TBrush
2025-06-08 18:09:49: Freeing object: TControlChildSizing
2025-06-08 18:09:49: Freeing object: TAnchorSide
2025-06-08 18:09:49: Freeing object: TAnchorSide
2025-06-08 18:09:49: Freeing object: TAnchorSide
2025-06-08 18:09:49: Freeing object: TAnchorSide
2025-06-08 18:09:49: Freeing object: TControlBorderSpacing
2025-06-08 18:09:49: Freeing object: TSizeConstraints
2025-06-08 18:09:49: Freeing object: TFont
2025-06-08 18:09:49: Freeing object: TLazAccessibleObject
2025-06-08 18:09:49: Freeing object: TRegion
2025-06-08 18:09:49: Freeing object: TAnchorSide
2025-06-08 18:09:49: Freeing object: TAnchorSide
2025-06-08 18:09:49: Freeing object: TAnchorSide
2025-06-08 18:09:49: Freeing object: TAnchorSide
2025-06-08 18:09:49: Freeing object: TControlBorderSpacing
2025-06-08 18:09:49: Freeing object: TSizeConstraints
2025-06-08 18:09:49: Freeing object: TFont
2025-06-08 18:09:49: Freeing object: TLazAccessibleObject
2025-06-08 18:09:49: Freeing object: TRegion
2025-06-08 18:09:49: Freeing object: TAnchorSide
2025-06-08 18:09:49: Freeing object: TAnchorSide
2025-06-08 18:09:49: Freeing object: TAnchorSide
2025-06-08 18:09:49: Freeing object: TAnchorSide
2025-06-08 18:09:49: Freeing object: TControlBorderSpacing
2025-06-08 18:09:49: Freeing object: TSizeConstraints
2025-06-08 18:09:49: Freeing object: TFont
2025-06-08 18:09:49: Freeing object: TLazAccessibleObject
2025-06-08 18:09:49: Freeing object: TRegion
2025-06-08 18:09:49: Freeing object: TRegion
2025-06-08 18:09:49: Freeing object: TAnchorSide
2025-06-08 18:09:49: Freeing object: TAnchorSide
2025-06-08 18:09:49: Freeing object: TAnchorSide
2025-06-08 18:09:49: Freeing object: TAnchorSide
2025-06-08 18:09:49: Freeing object: TControlBorderSpacing
2025-06-08 18:09:49: Freeing object: TSizeConstraints
2025-06-08 18:09:49: Freeing object: TFont
2025-06-08 18:09:49: Freeing object: TLazAccessibleObject
2025-06-08 18:09:49: Freeing object: TMethodList
2025-06-08 18:09:52: Freeing object: TRegion
2025-06-08 18:09:53: Freeing object: TRegion
2025-06-08 18:09:53: Freeing object: TBrush
2025-06-08 18:09:53: Freeing object: TControlChildSizing
2025-06-08 18:09:53: Freeing object: TAnchorSide
2025-06-08 18:09:53: Freeing object: TAnchorSide
2025-06-08 18:09:53: Freeing object: TAnchorSide
2025-06-08 18:09:53: Freeing object: TAnchorSide
2025-06-08 18:09:53: Freeing object: TControlBorderSpacing
2025-06-08 18:09:53: Freeing object: TSizeConstraints
2025-06-08 18:09:53: Freeing object: TFont
2025-06-08 18:09:53: Freeing object: TLazAccessibleObject
2025-06-08 18:09:53: Freeing object: TRegion
2025-06-08 18:09:53: Freeing object: TControlChildSizing
2025-06-08 18:09:53: Freeing object: TAnchorSide
2025-06-08 18:09:53: Freeing object: TAnchorSide
2025-06-08 18:09:53: Freeing object: TAnchorSide
2025-06-08 18:09:53: Freeing object: TAnchorSide
2025-06-08 18:09:53: Freeing object: TControlBorderSpacing
2025-06-08 18:09:53: Freeing object: TSizeConstraints
2025-06-08 18:09:53: Freeing object: TFont
2025-06-08 18:09:53: Freeing object: TLazAccessibleObject
2025-06-08 18:09:53: Freeing object: TTextStrings
2025-06-08 18:09:53: Freeing object: TMemoScrollbar
2025-06-08 18:09:53: Freeing object: TMemoScrollbar
2025-06-08 18:09:53: Freeing object: TControlChildSizing
2025-06-08 18:09:53: Freeing object: TAnchorSide
2025-06-08 18:09:53: Freeing object: TAnchorSide
2025-06-08 18:09:53: Freeing object: TAnchorSide
2025-06-08 18:09:53: Freeing object: TAnchorSide
2025-06-08 18:09:53: Freeing object: TControlBorderSpacing
2025-06-08 18:09:53: Freeing object: TSizeConstraints
2025-06-08 18:09:53: Freeing object: TFont
2025-06-08 18:09:53: Freeing object: TLazAccessibleObject
2025-06-08 18:09:53: Freeing object: TRegion
2025-06-08 18:09:53: Freeing object: TAnchorSide
2025-06-08 18:09:53: Freeing object: TAnchorSide
2025-06-08 18:09:53: Freeing object: TAnchorSide
2025-06-08 18:09:53: Freeing object: TAnchorSide
2025-06-08 18:09:53: Freeing object: TControlBorderSpacing
2025-06-08 18:09:53: Freeing object: TSizeConstraints
2025-06-08 18:09:53: Freeing object: TFont
2025-06-08 18:09:53: Freeing object: TLazAccessibleObject
2025-06-08 18:09:53: Freeing object: TRegion
2025-06-08 18:09:53: Freeing object: TAnchorSide
2025-06-08 18:09:53: Freeing object: TAnchorSide
2025-06-08 18:09:53: Freeing object: TAnchorSide
2025-06-08 18:09:53: Freeing object: TAnchorSide
2025-06-08 18:09:53: Freeing object: TControlBorderSpacing
2025-06-08 18:09:53: Freeing object: TSizeConstraints
2025-06-08 18:09:53: Freeing object: TFont
2025-06-08 18:09:53: Freeing object: TLazAccessibleObject
2025-06-08 18:09:53: Freeing object: TRegion
2025-06-08 18:09:53: Freeing object: TRegion
2025-06-08 18:09:53: Freeing object: TAnchorSide
2025-06-08 18:09:53: Freeing object: TAnchorSide
2025-06-08 18:09:53: Freeing object: TAnchorSide
2025-06-08 18:09:53: Freeing object: TAnchorSide
2025-06-08 18:09:53: Freeing object: TControlBorderSpacing
2025-06-08 18:09:53: Freeing object: TSizeConstraints
2025-06-08 18:09:53: Freeing object: TFont
2025-06-08 18:09:53: Freeing object: TLazAccessibleObject
2025-06-08 18:09:53: Freeing object: TMethodList
2025-06-08 18:09:53: Freeing object: TRegion
2025-06-08 18:09:53: Freeing object: TBrush
2025-06-08 18:09:53: Freeing object: TControlChildSizing
2025-06-08 18:09:53: Freeing object: TAnchorSide
2025-06-08 18:09:53: Freeing object: TAnchorSide
2025-06-08 18:09:53: Freeing object: TAnchorSide
2025-06-08 18:09:53: Freeing object: TAnchorSide
2025-06-08 18:09:53: Freeing object: TControlBorderSpacing
2025-06-08 18:09:53: Freeing object: TSizeConstraints
2025-06-08 18:09:53: Freeing object: TFont
2025-06-08 18:09:53: Freeing object: TLazAccessibleObject
2025-06-08 18:09:53: Freeing object: TButtonGlyph
2025-06-08 18:09:53: Freeing object: TBrush
2025-06-08 18:09:53: Freeing object: TControlChildSizing
2025-06-08 18:09:53: Freeing object: TAnchorSide
2025-06-08 18:09:53: Freeing object: TAnchorSide
2025-06-08 18:09:53: Freeing object: TAnchorSide
2025-06-08 18:09:53: Freeing object: TAnchorSide
2025-06-08 18:09:53: Freeing object: TControlBorderSpacing
2025-06-08 18:09:53: Freeing object: TSizeConstraints
2025-06-08 18:09:53: Freeing object: TFont
2025-06-08 18:09:53: Freeing object: TLazAccessibleObject
2025-06-08 18:09:53: Freeing object: TMethodList
2025-06-08 18:09:53: Freeing object: TButtonGlyph
2025-06-08 18:09:53: Freeing object: TBrush
2025-06-08 18:09:53: Freeing object: TControlChildSizing
2025-06-08 18:09:53: Freeing object: TAnchorSide
2025-06-08 18:09:53: Freeing object: TAnchorSide
2025-06-08 18:09:53: Freeing object: TAnchorSide
2025-06-08 18:09:53: Freeing object: TAnchorSide
2025-06-08 18:09:53: Freeing object: TControlBorderSpacing
2025-06-08 18:09:53: Freeing object: TSizeConstraints
2025-06-08 18:09:53: Freeing object: TFont
2025-06-08 18:09:53: Freeing object: TLazAccessibleObject
2025-06-08 18:09:53: Freeing object: TMethodList
2025-06-08 18:09:53: Freeing object: TMethodList
2025-06-08 18:09:53: Freeing object: TIcon
2025-06-08 18:09:53: Freeing object: TWindowMagnetOptions
2025-06-08 18:09:53: Freeing object: TControlScrollBar
2025-06-08 18:09:53: Freeing object: TControlScrollBar
2025-06-08 18:09:53: Freeing object: TRegion
2025-06-08 18:09:53: Freeing object: TBrush
2025-06-08 18:09:53: Freeing object: TControlChildSizing
2025-06-08 18:09:53: Freeing object: TAnchorSide
2025-06-08 18:09:53: Freeing object: TAnchorSide
2025-06-08 18:09:53: Freeing object: TAnchorSide
2025-06-08 18:09:53: Freeing object: TAnchorSide
2025-06-08 18:09:53: Freeing object: TControlBorderSpacing
2025-06-08 18:09:53: Freeing object: TSizeConstraints
2025-06-08 18:09:53: Freeing object: TFont
2025-06-08 18:09:53: Freeing object: TLazAccessibleObject
2025-06-08 18:09:53: Freeing object: TMethodList
2025-06-08 18:10:06: Freeing object: TIcon
2025-06-08 18:10:06: Freeing object: TWindowMagnetOptions
2025-06-08 18:10:06: Freeing object: TControlScrollBar
2025-06-08 18:10:06: Freeing object: TControlScrollBar
2025-06-08 18:10:06: Freeing object: TRegion
2025-06-08 18:10:06: Freeing object: TControlChildSizing
2025-06-08 18:10:06: Freeing object: TAnchorSide
2025-06-08 18:10:06: Freeing object: TAnchorSide
2025-06-08 18:10:06: Freeing object: TAnchorSide
2025-06-08 18:10:06: Freeing object: TAnchorSide
2025-06-08 18:10:06: Freeing object: TControlBorderSpacing
2025-06-08 18:10:06: Freeing object: TSizeConstraints
2025-06-08 18:10:06: Freeing object: TFont
2025-06-08 18:10:06: Freeing object: TLazAccessibleObject
2025-06-08 18:10:06: Freeing object: TRegion
2025-06-08 18:10:06: Freeing object: TAnchorSide
2025-06-08 18:10:06: Freeing object: TAnchorSide
2025-06-08 18:10:06: Freeing object: TAnchorSide
2025-06-08 18:10:06: Freeing object: TAnchorSide
2025-06-08 18:10:06: Freeing object: TControlBorderSpacing
2025-06-08 18:10:06: Freeing object: TSizeConstraints
2025-06-08 18:10:06: Freeing object: TFont
2025-06-08 18:10:06: Freeing object: TLazAccessibleObject
2025-06-08 18:10:06: Freeing object: TRegion
2025-06-08 18:10:06: Freeing object: TAnchorSide
2025-06-08 18:10:06: Freeing object: TAnchorSide
2025-06-08 18:10:06: Freeing object: TAnchorSide
2025-06-08 18:10:06: Freeing object: TAnchorSide
2025-06-08 18:10:06: Freeing object: TControlBorderSpacing
2025-06-08 18:10:06: Freeing object: TSizeConstraints
2025-06-08 18:10:06: Freeing object: TFont
2025-06-08 18:10:06: Freeing object: TLazAccessibleObject
2025-06-08 18:10:06: Freeing object: TRegion
2025-06-08 18:10:06: Freeing object: TControlChildSizing
2025-06-08 18:10:06: Freeing object: TAnchorSide
2025-06-08 18:10:06: Freeing object: TAnchorSide
2025-06-08 18:10:06: Freeing object: TAnchorSide
2025-06-08 18:10:06: Freeing object: TAnchorSide
2025-06-08 18:10:06: Freeing object: TControlBorderSpacing
2025-06-08 18:10:06: Freeing object: TSizeConstraints
2025-06-08 18:10:06: Freeing object: TFont
2025-06-08 18:10:06: Freeing object: TLazAccessibleObject
2025-06-08 18:10:06: Freeing object: TRegion
2025-06-08 18:10:06: Freeing object: TAnchorSide
2025-06-08 18:10:06: Freeing object: TAnchorSide
2025-06-08 18:10:06: Freeing object: TAnchorSide
2025-06-08 18:10:06: Freeing object: TAnchorSide
2025-06-08 18:10:06: Freeing object: TControlBorderSpacing
2025-06-08 18:10:06: Freeing object: TSizeConstraints
2025-06-08 18:10:06: Freeing object: TFont
2025-06-08 18:10:06: Freeing object: TLazAccessibleObject
2025-06-08 18:10:06: Freeing object: TRegion
2025-06-08 18:10:06: Freeing object: TAnchorSide
2025-06-08 18:10:06: Freeing object: TAnchorSide
2025-06-08 18:10:06: Freeing object: TAnchorSide
2025-06-08 18:10:06: Freeing object: TAnchorSide
2025-06-08 18:10:06: Freeing object: TControlBorderSpacing
2025-06-08 18:10:06: Freeing object: TSizeConstraints
2025-06-08 18:10:06: Freeing object: TFont
2025-06-08 18:10:06: Freeing object: TLazAccessibleObject
2025-06-08 18:10:06: Freeing object: TRegion
2025-06-08 18:10:06: Freeing object: TAnchorSide
2025-06-08 18:10:06: Freeing object: TAnchorSide
2025-06-08 18:10:06: Freeing object: TAnchorSide
2025-06-08 18:10:06: Freeing object: TAnchorSide
2025-06-08 18:10:06: Freeing object: TControlBorderSpacing
2025-06-08 18:10:06: Freeing object: TSizeConstraints
2025-06-08 18:10:06: Freeing object: TFont
2025-06-08 18:10:06: Freeing object: TLazAccessibleObject
2025-06-08 18:10:06: Freeing object: TIcon
2025-06-08 18:10:06: Freeing object: TWindowMagnetOptions
2025-06-08 18:10:06: Freeing object: TControlScrollBar
2025-06-08 18:10:06: Freeing object: TControlScrollBar
2025-06-08 18:10:06: Freeing object: TRegion
2025-06-08 18:10:06: Freeing object: TBrush
2025-06-08 18:10:06: Freeing object: TControlChildSizing
2025-06-08 18:10:06: Freeing object: TAnchorSide
2025-06-08 18:10:06: Freeing object: TAnchorSide
2025-06-08 18:10:06: Freeing object: TAnchorSide
2025-06-08 18:10:06: Freeing object: TAnchorSide
2025-06-08 18:10:06: Freeing object: TControlBorderSpacing
2025-06-08 18:10:06: Freeing object: TSizeConstraints
2025-06-08 18:10:06: Freeing object: TFont
2025-06-08 18:10:06: Freeing object: TLazAccessibleObject
2025-06-08 18:10:06: Freeing object: TRegion
2025-06-08 18:10:06: Freeing object: TAnchorSide
2025-06-08 18:10:06: Freeing object: TAnchorSide
2025-06-08 18:10:06: Freeing object: TAnchorSide
2025-06-08 18:10:06: Freeing object: TAnchorSide
2025-06-08 18:10:06: Freeing object: TControlBorderSpacing
2025-06-08 18:10:06: Freeing object: TSizeConstraints
2025-06-08 18:10:06: Freeing object: TFont
2025-06-08 18:10:06: Freeing object: TLazAccessibleObject
2025-06-08 18:10:06: Freeing object: TRegion
2025-06-08 18:10:06: Freeing object: TAnchorSide
2025-06-08 18:10:06: Freeing object: TAnchorSide
2025-06-08 18:10:06: Freeing object: TAnchorSide
2025-06-08 18:10:06: Freeing object: TAnchorSide
2025-06-08 18:10:06: Freeing object: TControlBorderSpacing
2025-06-08 18:10:06: Freeing object: TSizeConstraints
2025-06-08 18:10:06: Freeing object: TFont
2025-06-08 18:10:06: Freeing object: TLazAccessibleObject
2025-06-08 18:10:06: Freeing object: TRegion
2025-06-08 18:10:06: Freeing object: TControlChildSizing
2025-06-08 18:10:06: Freeing object: TAnchorSide
2025-06-08 18:10:06: Freeing object: TAnchorSide
2025-06-08 18:10:06: Freeing object: TAnchorSide
2025-06-08 18:10:06: Freeing object: TAnchorSide
2025-06-08 18:10:06: Freeing object: TControlBorderSpacing
2025-06-08 18:10:06: Freeing object: TSizeConstraints
2025-06-08 18:10:06: Freeing object: TFont
2025-06-08 18:10:06: Freeing object: TLazAccessibleObject
2025-06-08 18:10:06: Freeing object: TRegion
2025-06-08 18:10:06: Freeing object: TControlChildSizing
2025-06-08 18:10:06: Freeing object: TAnchorSide
2025-06-08 18:10:06: Freeing object: TAnchorSide
2025-06-08 18:10:06: Freeing object: TAnchorSide
2025-06-08 18:10:06: Freeing object: TAnchorSide
2025-06-08 18:10:06: Freeing object: TControlBorderSpacing
2025-06-08 18:10:06: Freeing object: TSizeConstraints
2025-06-08 18:10:06: Freeing object: TFont
2025-06-08 18:10:06: Freeing object: TLazAccessibleObject
2025-06-08 18:10:06: Freeing object: TMethodList
2025-06-08 18:10:06: Freeing object: TRegion
2025-06-08 18:10:06: Freeing object: TControlChildSizing
2025-06-08 18:10:06: Freeing object: TAnchorSide
2025-06-08 18:10:06: Freeing object: TAnchorSide
2025-06-08 18:10:06: Freeing object: TAnchorSide
2025-06-08 18:10:06: Freeing object: TAnchorSide
2025-06-08 18:10:06: Freeing object: TControlBorderSpacing
2025-06-08 18:10:06: Freeing object: TSizeConstraints
2025-06-08 18:10:06: Freeing object: TFont
2025-06-08 18:10:06: Freeing object: TLazAccessibleObject
2025-06-08 18:10:06: Freeing object: TRegion
2025-06-08 18:10:06: Freeing object: TAnchorSide
2025-06-08 18:10:06: Freeing object: TAnchorSide
2025-06-08 18:10:06: Freeing object: TAnchorSide
2025-06-08 18:10:06: Freeing object: TAnchorSide
2025-06-08 18:10:06: Freeing object: TControlBorderSpacing
2025-06-08 18:10:06: Freeing object: TSizeConstraints
2025-06-08 18:10:06: Freeing object: TFont
2025-06-08 18:10:06: Freeing object: TLazAccessibleObject
2025-06-08 18:10:06: Freeing object: TRegion
2025-06-08 18:10:06: Freeing object: TAnchorSide
2025-06-08 18:10:06: Freeing object: TAnchorSide
2025-06-08 18:10:06: Freeing object: TAnchorSide
2025-06-08 18:10:06: Freeing object: TAnchorSide
2025-06-08 18:10:06: Freeing object: TControlBorderSpacing
2025-06-08 18:10:06: Freeing object: TSizeConstraints
2025-06-08 18:10:06: Freeing object: TFont
2025-06-08 18:10:06: Freeing object: TLazAccessibleObject
2025-06-08 18:10:06: Freeing object: TRegion
2025-06-08 18:10:06: Freeing object: TAnchorSide
2025-06-08 18:10:06: Freeing object: TAnchorSide
2025-06-08 18:10:06: Freeing object: TAnchorSide
2025-06-08 18:10:06: Freeing object: TAnchorSide
2025-06-08 18:10:06: Freeing object: TControlBorderSpacing
2025-06-08 18:10:06: Freeing object: TSizeConstraints
2025-06-08 18:10:06: Freeing object: TFont
2025-06-08 18:10:06: Freeing object: TLazAccessibleObject
2025-06-08 18:10:06: Freeing object: TRegion
2025-06-08 18:10:06: Freeing object: TAnchorSide
2025-06-08 18:10:06: Freeing object: TAnchorSide
2025-06-08 18:10:06: Freeing object: TAnchorSide
2025-06-08 18:10:06: Freeing object: TAnchorSide
2025-06-08 18:10:06: Freeing object: TControlBorderSpacing
2025-06-08 18:10:06: Freeing object: TSizeConstraints
2025-06-08 18:10:06: Freeing object: TFont
2025-06-08 18:10:06: Freeing object: TLazAccessibleObject
2025-06-08 18:10:06: Freeing object: TRegion
2025-06-08 18:10:06: Freeing object: TAnchorSide
2025-06-08 18:10:06: Freeing object: TAnchorSide
2025-06-08 18:10:06: Freeing object: TAnchorSide
2025-06-08 18:10:06: Freeing object: TAnchorSide
2025-06-08 18:10:06: Freeing object: TControlBorderSpacing
2025-06-08 18:10:06: Freeing object: TSizeConstraints
2025-06-08 18:10:06: Freeing object: TFont
2025-06-08 18:10:06: Freeing object: TLazAccessibleObject
2025-06-08 18:10:06: Freeing object: TRegion
2025-06-08 18:10:06: Freeing object: TAnchorSide
2025-06-08 18:10:06: Freeing object: TAnchorSide
2025-06-08 18:10:06: Freeing object: TAnchorSide
2025-06-08 18:10:06: Freeing object: TAnchorSide
2025-06-08 18:10:06: Freeing object: TControlBorderSpacing
2025-06-08 18:10:06: Freeing object: TSizeConstraints
2025-06-08 18:10:06: Freeing object: TFont
2025-06-08 18:10:06: Freeing object: TLazAccessibleObject
2025-06-08 18:10:06: Freeing object: TRegion
2025-06-08 18:10:06: Freeing object: TAnchorSide
2025-06-08 18:10:06: Freeing object: TAnchorSide
2025-06-08 18:10:06: Freeing object: TAnchorSide
2025-06-08 18:10:06: Freeing object: TAnchorSide
2025-06-08 18:10:06: Freeing object: TControlBorderSpacing
2025-06-08 18:10:06: Freeing object: TSizeConstraints
2025-06-08 18:10:06: Freeing object: TFont
2025-06-08 18:10:06: Freeing object: TLazAccessibleObject
2025-06-08 18:10:06: Freeing object: TRegion
2025-06-08 18:10:06: Freeing object: TAnchorSide
2025-06-08 18:10:06: Freeing object: TAnchorSide
2025-06-08 18:10:06: Freeing object: TAnchorSide
2025-06-08 18:10:06: Freeing object: TAnchorSide
2025-06-08 18:10:06: Freeing object: TControlBorderSpacing
2025-06-08 18:10:06: Freeing object: TSizeConstraints
2025-06-08 18:10:06: Freeing object: TFont
2025-06-08 18:10:06: Freeing object: TLazAccessibleObject
2025-06-08 18:10:06: Freeing object: TRegion
2025-06-08 18:10:06: Freeing object: TAnchorSide
2025-06-08 18:10:06: Freeing object: TAnchorSide
2025-06-08 18:10:06: Freeing object: TAnchorSide
2025-06-08 18:10:06: Freeing object: TAnchorSide
2025-06-08 18:10:06: Freeing object: TControlBorderSpacing
2025-06-08 18:10:06: Freeing object: TSizeConstraints
2025-06-08 18:10:06: Freeing object: TFont
2025-06-08 18:10:06: Freeing object: TLazAccessibleObject
2025-06-08 18:10:06: Freeing object: TRegion
2025-06-08 18:10:06: Freeing object: TAnchorSide
2025-06-08 18:10:06: Freeing object: TAnchorSide
2025-06-08 18:10:06: Freeing object: TAnchorSide
2025-06-08 18:10:06: Freeing object: TAnchorSide
2025-06-08 18:10:06: Freeing object: TControlBorderSpacing
2025-06-08 18:10:06: Freeing object: TSizeConstraints
2025-06-08 18:10:06: Freeing object: TFont
2025-06-08 18:10:06: Freeing object: TLazAccessibleObject
2025-06-08 18:10:06: Freeing object: TRegion
2025-06-08 18:10:06: Freeing object: TAnchorSide
2025-06-08 18:10:06: Freeing object: TAnchorSide
2025-06-08 18:10:06: Freeing object: TAnchorSide
2025-06-08 18:10:06: Freeing object: TAnchorSide
2025-06-08 18:10:06: Freeing object: TControlBorderSpacing
2025-06-08 18:10:06: Freeing object: TSizeConstraints
2025-06-08 18:10:06: Freeing object: TFont
2025-06-08 18:10:06: Freeing object: TLazAccessibleObject
2025-06-08 18:10:06: Freeing object: TRegion
2025-06-08 18:10:06: Freeing object: TAnchorSide
2025-06-08 18:10:06: Freeing object: TAnchorSide
2025-06-08 18:10:06: Freeing object: TAnchorSide
2025-06-08 18:10:06: Freeing object: TAnchorSide
2025-06-08 18:10:06: Freeing object: TControlBorderSpacing
2025-06-08 18:10:06: Freeing object: TSizeConstraints
2025-06-08 18:10:06: Freeing object: TFont
2025-06-08 18:10:06: Freeing object: TLazAccessibleObject
2025-06-08 18:10:06: Freeing object: TRegion
2025-06-08 18:10:06: Freeing object: TAnchorSide
2025-06-08 18:10:06: Freeing object: TAnchorSide
2025-06-08 18:10:06: Freeing object: TAnchorSide
2025-06-08 18:10:06: Freeing object: TAnchorSide
2025-06-08 18:10:06: Freeing object: TControlBorderSpacing
2025-06-08 18:10:06: Freeing object: TSizeConstraints
2025-06-08 18:10:06: Freeing object: TFont
2025-06-08 18:10:06: Freeing object: TLazAccessibleObject
2025-06-08 18:10:06: Freeing object: TRegion
2025-06-08 18:10:06: Freeing object: TControlChildSizing
2025-06-08 18:10:06: Freeing object: TAnchorSide
2025-06-08 18:10:06: Freeing object: TAnchorSide
2025-06-08 18:10:06: Freeing object: TAnchorSide
2025-06-08 18:10:06: Freeing object: TAnchorSide
2025-06-08 18:10:06: Freeing object: TControlBorderSpacing
2025-06-08 18:10:06: Freeing object: TSizeConstraints
2025-06-08 18:10:06: Freeing object: TFont
2025-06-08 18:10:06: Freeing object: TLazAccessibleObject
2025-06-08 18:10:06: Freeing object: TMethodList
2025-06-08 18:10:06: Freeing object: TIcon
2025-06-08 18:10:06: Freeing object: TWordList
2025-06-08 18:10:06: Freeing object: TDragManagerDefault
2025-06-08 18:10:06: Freeing object: TMouse
2025-06-08 18:10:06: Freeing object: TScreen
2025-06-08 18:10:06: Freeing object: TFont
2025-06-08 18:10:06: Freeing object: TFPList
2025-06-08 18:10:06: Freeing object: TFPList
2025-06-08 18:10:06: Freeing object: TFPList
2025-06-08 18:10:06: Freeing object: TFPList
2025-06-08 18:10:06: Freeing object: TFPList
2025-06-08 18:10:52: Freeing object: TRegion
2025-06-08 18:10:55: Freeing object: TRegion
2025-06-08 18:10:55: Freeing object: TBrush
2025-06-08 18:10:55: Freeing object: TControlChildSizing
2025-06-08 18:10:55: Freeing object: TAnchorSide
2025-06-08 18:10:55: Freeing object: TAnchorSide
2025-06-08 18:10:55: Freeing object: TAnchorSide
2025-06-08 18:10:55: Freeing object: TAnchorSide
2025-06-08 18:10:55: Freeing object: TControlBorderSpacing
2025-06-08 18:10:55: Freeing object: TSizeConstraints
2025-06-08 18:10:55: Freeing object: TFont
2025-06-08 18:10:55: Freeing object: TLazAccessibleObject
2025-06-08 18:10:55: Freeing object: TRegion
2025-06-08 18:10:55: Freeing object: TControlChildSizing
2025-06-08 18:10:55: Freeing object: TAnchorSide
2025-06-08 18:10:55: Freeing object: TAnchorSide
2025-06-08 18:10:55: Freeing object: TAnchorSide
2025-06-08 18:10:55: Freeing object: TAnchorSide
2025-06-08 18:10:55: Freeing object: TControlBorderSpacing
2025-06-08 18:10:55: Freeing object: TSizeConstraints
2025-06-08 18:10:55: Freeing object: TFont
2025-06-08 18:10:55: Freeing object: TLazAccessibleObject
2025-06-08 18:10:55: Freeing object: TTextStrings
2025-06-08 18:10:55: Freeing object: TMemoScrollbar
2025-06-08 18:10:55: Freeing object: TMemoScrollbar
2025-06-08 18:10:55: Freeing object: TControlChildSizing
2025-06-08 18:10:55: Freeing object: TAnchorSide
2025-06-08 18:10:55: Freeing object: TAnchorSide
2025-06-08 18:10:55: Freeing object: TAnchorSide
2025-06-08 18:10:55: Freeing object: TAnchorSide
2025-06-08 18:10:55: Freeing object: TControlBorderSpacing
2025-06-08 18:10:55: Freeing object: TSizeConstraints
2025-06-08 18:10:55: Freeing object: TFont
2025-06-08 18:10:55: Freeing object: TLazAccessibleObject
2025-06-08 18:10:55: Freeing object: TRegion
2025-06-08 18:10:55: Freeing object: TAnchorSide
2025-06-08 18:10:55: Freeing object: TAnchorSide
2025-06-08 18:10:55: Freeing object: TAnchorSide
2025-06-08 18:10:55: Freeing object: TAnchorSide
2025-06-08 18:10:55: Freeing object: TControlBorderSpacing
2025-06-08 18:10:55: Freeing object: TSizeConstraints
2025-06-08 18:10:55: Freeing object: TFont
2025-06-08 18:10:55: Freeing object: TLazAccessibleObject
2025-06-08 18:10:55: Freeing object: TRegion
2025-06-08 18:10:55: Freeing object: TAnchorSide
2025-06-08 18:10:55: Freeing object: TAnchorSide
2025-06-08 18:10:55: Freeing object: TAnchorSide
2025-06-08 18:10:55: Freeing object: TAnchorSide
2025-06-08 18:10:55: Freeing object: TControlBorderSpacing
2025-06-08 18:10:55: Freeing object: TSizeConstraints
2025-06-08 18:10:55: Freeing object: TFont
2025-06-08 18:10:55: Freeing object: TLazAccessibleObject
2025-06-08 18:10:55: Freeing object: TRegion
2025-06-08 18:10:55: Freeing object: TRegion
2025-06-08 18:10:55: Freeing object: TAnchorSide
2025-06-08 18:10:55: Freeing object: TAnchorSide
2025-06-08 18:10:55: Freeing object: TAnchorSide
2025-06-08 18:10:55: Freeing object: TAnchorSide
2025-06-08 18:10:55: Freeing object: TControlBorderSpacing
2025-06-08 18:10:55: Freeing object: TSizeConstraints
2025-06-08 18:10:55: Freeing object: TFont
2025-06-08 18:10:55: Freeing object: TLazAccessibleObject
2025-06-08 18:10:55: Freeing object: TMethodList
2025-06-08 18:10:55: Freeing object: TRegion
2025-06-08 18:10:55: Freeing object: TBrush
2025-06-08 18:10:55: Freeing object: TControlChildSizing
2025-06-08 18:10:55: Freeing object: TAnchorSide
2025-06-08 18:10:55: Freeing object: TAnchorSide
2025-06-08 18:10:55: Freeing object: TAnchorSide
2025-06-08 18:10:55: Freeing object: TAnchorSide
2025-06-08 18:10:55: Freeing object: TControlBorderSpacing
2025-06-08 18:10:55: Freeing object: TSizeConstraints
2025-06-08 18:10:55: Freeing object: TFont
2025-06-08 18:10:55: Freeing object: TLazAccessibleObject
2025-06-08 18:10:55: Freeing object: TButtonGlyph
2025-06-08 18:10:55: Freeing object: TBrush
2025-06-08 18:10:55: Freeing object: TControlChildSizing
2025-06-08 18:10:55: Freeing object: TAnchorSide
2025-06-08 18:10:55: Freeing object: TAnchorSide
2025-06-08 18:10:55: Freeing object: TAnchorSide
2025-06-08 18:10:55: Freeing object: TAnchorSide
2025-06-08 18:10:55: Freeing object: TControlBorderSpacing
2025-06-08 18:10:55: Freeing object: TSizeConstraints
2025-06-08 18:10:55: Freeing object: TFont
2025-06-08 18:10:55: Freeing object: TLazAccessibleObject
2025-06-08 18:10:55: Freeing object: TMethodList
2025-06-08 18:10:55: Freeing object: TMethodList
2025-06-08 18:10:55: Freeing object: TIcon
2025-06-08 18:10:55: Freeing object: TWindowMagnetOptions
2025-06-08 18:10:55: Freeing object: TControlScrollBar
2025-06-08 18:10:55: Freeing object: TControlScrollBar
2025-06-08 18:10:55: Freeing object: TRegion
2025-06-08 18:10:55: Freeing object: TBrush
2025-06-08 18:10:55: Freeing object: TControlChildSizing
2025-06-08 18:10:55: Freeing object: TAnchorSide
2025-06-08 18:10:55: Freeing object: TAnchorSide
2025-06-08 18:10:55: Freeing object: TAnchorSide
2025-06-08 18:10:55: Freeing object: TAnchorSide
2025-06-08 18:10:55: Freeing object: TControlBorderSpacing
2025-06-08 18:10:55: Freeing object: TSizeConstraints
2025-06-08 18:10:55: Freeing object: TFont
2025-06-08 18:10:55: Freeing object: TLazAccessibleObject
2025-06-08 18:10:55: Freeing object: TMethodList
2025-06-08 18:10:56: Freeing object: TRegion
2025-06-08 18:10:56: Freeing object: TIcon
2025-06-08 18:10:56: Freeing object: TWindowMagnetOptions
2025-06-08 18:10:56: Freeing object: TControlScrollBar
2025-06-08 18:10:56: Freeing object: TControlScrollBar
2025-06-08 18:10:56: Freeing object: TRegion
2025-06-08 18:10:56: Freeing object: TBrush
2025-06-08 18:10:56: Freeing object: TControlChildSizing
2025-06-08 18:10:56: Freeing object: TAnchorSide
2025-06-08 18:10:56: Freeing object: TAnchorSide
2025-06-08 18:10:56: Freeing object: TAnchorSide
2025-06-08 18:10:56: Freeing object: TAnchorSide
2025-06-08 18:10:56: Freeing object: TControlBorderSpacing
2025-06-08 18:10:56: Freeing object: TSizeConstraints
2025-06-08 18:10:56: Freeing object: TFont
2025-06-08 18:10:56: Freeing object: TLazAccessibleObject
2025-06-08 18:10:56: Freeing object: TRegion
2025-06-08 18:10:56: Freeing object: TAnchorSide
2025-06-08 18:10:56: Freeing object: TAnchorSide
2025-06-08 18:10:56: Freeing object: TAnchorSide
2025-06-08 18:10:56: Freeing object: TAnchorSide
2025-06-08 18:10:56: Freeing object: TControlBorderSpacing
2025-06-08 18:10:56: Freeing object: TSizeConstraints
2025-06-08 18:10:56: Freeing object: TFont
2025-06-08 18:10:56: Freeing object: TLazAccessibleObject
2025-06-08 18:10:56: Freeing object: TRegion
2025-06-08 18:10:56: Freeing object: TAnchorSide
2025-06-08 18:10:56: Freeing object: TAnchorSide
2025-06-08 18:10:56: Freeing object: TAnchorSide
2025-06-08 18:10:56: Freeing object: TAnchorSide
2025-06-08 18:10:56: Freeing object: TControlBorderSpacing
2025-06-08 18:10:56: Freeing object: TSizeConstraints
2025-06-08 18:10:56: Freeing object: TFont
2025-06-08 18:10:56: Freeing object: TLazAccessibleObject
2025-06-08 18:10:56: Freeing object: TRegion
2025-06-08 18:10:56: Freeing object: TRegion
2025-06-08 18:10:56: Freeing object: TAnchorSide
2025-06-08 18:10:56: Freeing object: TAnchorSide
2025-06-08 18:10:56: Freeing object: TAnchorSide
2025-06-08 18:10:56: Freeing object: TAnchorSide
2025-06-08 18:10:56: Freeing object: TControlBorderSpacing
2025-06-08 18:10:56: Freeing object: TSizeConstraints
2025-06-08 18:10:56: Freeing object: TFont
2025-06-08 18:10:56: Freeing object: TLazAccessibleObject
2025-06-08 18:10:56: Freeing object: TMethodList
2025-06-08 18:11:01: Freeing object: TRegion
2025-06-08 18:11:02: Freeing object: TRegion
2025-06-08 18:11:02: Freeing object: TBrush
2025-06-08 18:11:02: Freeing object: TControlChildSizing
2025-06-08 18:11:02: Freeing object: TAnchorSide
2025-06-08 18:11:02: Freeing object: TAnchorSide
2025-06-08 18:11:02: Freeing object: TAnchorSide
2025-06-08 18:11:02: Freeing object: TAnchorSide
2025-06-08 18:11:02: Freeing object: TControlBorderSpacing
2025-06-08 18:11:02: Freeing object: TSizeConstraints
2025-06-08 18:11:02: Freeing object: TFont
2025-06-08 18:11:02: Freeing object: TLazAccessibleObject
2025-06-08 18:11:02: Freeing object: TRegion
2025-06-08 18:11:02: Freeing object: TControlChildSizing
2025-06-08 18:11:02: Freeing object: TAnchorSide
2025-06-08 18:11:02: Freeing object: TAnchorSide
2025-06-08 18:11:02: Freeing object: TAnchorSide
2025-06-08 18:11:02: Freeing object: TAnchorSide
2025-06-08 18:11:02: Freeing object: TControlBorderSpacing
2025-06-08 18:11:02: Freeing object: TSizeConstraints
2025-06-08 18:11:02: Freeing object: TFont
2025-06-08 18:11:02: Freeing object: TLazAccessibleObject
2025-06-08 18:11:02: Freeing object: TTextStrings
2025-06-08 18:11:02: Freeing object: TMemoScrollbar
2025-06-08 18:11:02: Freeing object: TMemoScrollbar
2025-06-08 18:11:02: Freeing object: TControlChildSizing
2025-06-08 18:11:02: Freeing object: TAnchorSide
2025-06-08 18:11:02: Freeing object: TAnchorSide
2025-06-08 18:11:02: Freeing object: TAnchorSide
2025-06-08 18:11:02: Freeing object: TAnchorSide
2025-06-08 18:11:02: Freeing object: TControlBorderSpacing
2025-06-08 18:11:02: Freeing object: TSizeConstraints
2025-06-08 18:11:02: Freeing object: TFont
2025-06-08 18:11:02: Freeing object: TLazAccessibleObject
2025-06-08 18:11:02: Freeing object: TRegion
2025-06-08 18:11:02: Freeing object: TAnchorSide
2025-06-08 18:11:02: Freeing object: TAnchorSide
2025-06-08 18:11:02: Freeing object: TAnchorSide
2025-06-08 18:11:02: Freeing object: TAnchorSide
2025-06-08 18:11:02: Freeing object: TControlBorderSpacing
2025-06-08 18:11:02: Freeing object: TSizeConstraints
2025-06-08 18:11:02: Freeing object: TFont
2025-06-08 18:11:02: Freeing object: TLazAccessibleObject
2025-06-08 18:11:02: Freeing object: TRegion
2025-06-08 18:11:02: Freeing object: TAnchorSide
2025-06-08 18:11:02: Freeing object: TAnchorSide
2025-06-08 18:11:02: Freeing object: TAnchorSide
2025-06-08 18:11:02: Freeing object: TAnchorSide
2025-06-08 18:11:02: Freeing object: TControlBorderSpacing
2025-06-08 18:11:02: Freeing object: TSizeConstraints
2025-06-08 18:11:02: Freeing object: TFont
2025-06-08 18:11:02: Freeing object: TLazAccessibleObject
2025-06-08 18:11:02: Freeing object: TRegion
2025-06-08 18:11:02: Freeing object: TRegion
2025-06-08 18:11:02: Freeing object: TAnchorSide
2025-06-08 18:11:02: Freeing object: TAnchorSide
2025-06-08 18:11:02: Freeing object: TAnchorSide
2025-06-08 18:11:02: Freeing object: TAnchorSide
2025-06-08 18:11:02: Freeing object: TControlBorderSpacing
2025-06-08 18:11:02: Freeing object: TSizeConstraints
2025-06-08 18:11:02: Freeing object: TFont
2025-06-08 18:11:02: Freeing object: TLazAccessibleObject
2025-06-08 18:11:02: Freeing object: TMethodList
2025-06-08 18:11:02: Freeing object: TRegion
2025-06-08 18:11:02: Freeing object: TBrush
2025-06-08 18:11:02: Freeing object: TControlChildSizing
2025-06-08 18:11:02: Freeing object: TAnchorSide
2025-06-08 18:11:02: Freeing object: TAnchorSide
2025-06-08 18:11:02: Freeing object: TAnchorSide
2025-06-08 18:11:02: Freeing object: TAnchorSide
2025-06-08 18:11:02: Freeing object: TControlBorderSpacing
2025-06-08 18:11:02: Freeing object: TSizeConstraints
2025-06-08 18:11:02: Freeing object: TFont
2025-06-08 18:11:02: Freeing object: TLazAccessibleObject
2025-06-08 18:11:02: Freeing object: TButtonGlyph
2025-06-08 18:11:02: Freeing object: TBrush
2025-06-08 18:11:02: Freeing object: TControlChildSizing
2025-06-08 18:11:02: Freeing object: TAnchorSide
2025-06-08 18:11:02: Freeing object: TAnchorSide
2025-06-08 18:11:02: Freeing object: TAnchorSide
2025-06-08 18:11:02: Freeing object: TAnchorSide
2025-06-08 18:11:02: Freeing object: TControlBorderSpacing
2025-06-08 18:11:02: Freeing object: TSizeConstraints
2025-06-08 18:11:02: Freeing object: TFont
2025-06-08 18:11:02: Freeing object: TLazAccessibleObject
2025-06-08 18:11:02: Freeing object: TMethodList
2025-06-08 18:11:02: Freeing object: TButtonGlyph
2025-06-08 18:11:02: Freeing object: TBrush
2025-06-08 18:11:02: Freeing object: TControlChildSizing
2025-06-08 18:11:02: Freeing object: TAnchorSide
2025-06-08 18:11:02: Freeing object: TAnchorSide
2025-06-08 18:11:02: Freeing object: TAnchorSide
2025-06-08 18:11:02: Freeing object: TAnchorSide
2025-06-08 18:11:02: Freeing object: TControlBorderSpacing
2025-06-08 18:11:02: Freeing object: TSizeConstraints
2025-06-08 18:11:02: Freeing object: TFont
2025-06-08 18:11:02: Freeing object: TLazAccessibleObject
2025-06-08 18:11:02: Freeing object: TMethodList
2025-06-08 18:11:02: Freeing object: TMethodList
2025-06-08 18:11:02: Freeing object: TIcon
2025-06-08 18:11:02: Freeing object: TWindowMagnetOptions
2025-06-08 18:11:02: Freeing object: TControlScrollBar
2025-06-08 18:11:02: Freeing object: TControlScrollBar
2025-06-08 18:11:02: Freeing object: TRegion
2025-06-08 18:11:02: Freeing object: TBrush
2025-06-08 18:11:02: Freeing object: TControlChildSizing
2025-06-08 18:11:02: Freeing object: TAnchorSide
2025-06-08 18:11:02: Freeing object: TAnchorSide
2025-06-08 18:11:02: Freeing object: TAnchorSide
2025-06-08 18:11:02: Freeing object: TAnchorSide
2025-06-08 18:11:02: Freeing object: TControlBorderSpacing
2025-06-08 18:11:02: Freeing object: TSizeConstraints
2025-06-08 18:11:02: Freeing object: TFont
2025-06-08 18:11:02: Freeing object: TLazAccessibleObject
2025-06-08 18:11:02: Freeing object: TMethodList
2025-06-08 18:11:12: Freeing object: TIcon
2025-06-08 18:11:12: Freeing object: TWindowMagnetOptions
2025-06-08 18:11:12: Freeing object: TControlScrollBar
2025-06-08 18:11:12: Freeing object: TControlScrollBar
2025-06-08 18:11:12: Freeing object: TRegion
2025-06-08 18:11:12: Freeing object: TControlChildSizing
2025-06-08 18:11:12: Freeing object: TAnchorSide
2025-06-08 18:11:12: Freeing object: TAnchorSide
2025-06-08 18:11:12: Freeing object: TAnchorSide
2025-06-08 18:11:12: Freeing object: TAnchorSide
2025-06-08 18:11:12: Freeing object: TControlBorderSpacing
2025-06-08 18:11:12: Freeing object: TSizeConstraints
2025-06-08 18:11:12: Freeing object: TFont
2025-06-08 18:11:12: Freeing object: TLazAccessibleObject
2025-06-08 18:11:12: Freeing object: TRegion
2025-06-08 18:11:12: Freeing object: TAnchorSide
2025-06-08 18:11:12: Freeing object: TAnchorSide
2025-06-08 18:11:12: Freeing object: TAnchorSide
2025-06-08 18:11:12: Freeing object: TAnchorSide
2025-06-08 18:11:12: Freeing object: TControlBorderSpacing
2025-06-08 18:11:12: Freeing object: TSizeConstraints
2025-06-08 18:11:12: Freeing object: TFont
2025-06-08 18:11:12: Freeing object: TLazAccessibleObject
2025-06-08 18:11:12: Freeing object: TRegion
2025-06-08 18:11:12: Freeing object: TAnchorSide
2025-06-08 18:11:12: Freeing object: TAnchorSide
2025-06-08 18:11:12: Freeing object: TAnchorSide
2025-06-08 18:11:12: Freeing object: TAnchorSide
2025-06-08 18:11:12: Freeing object: TControlBorderSpacing
2025-06-08 18:11:12: Freeing object: TSizeConstraints
2025-06-08 18:11:12: Freeing object: TFont
2025-06-08 18:11:12: Freeing object: TLazAccessibleObject
2025-06-08 18:11:12: Freeing object: TRegion
2025-06-08 18:11:12: Freeing object: TControlChildSizing
2025-06-08 18:11:12: Freeing object: TAnchorSide
2025-06-08 18:11:12: Freeing object: TAnchorSide
2025-06-08 18:11:12: Freeing object: TAnchorSide
2025-06-08 18:11:12: Freeing object: TAnchorSide
2025-06-08 18:11:12: Freeing object: TControlBorderSpacing
2025-06-08 18:11:12: Freeing object: TSizeConstraints
2025-06-08 18:11:12: Freeing object: TFont
2025-06-08 18:11:12: Freeing object: TLazAccessibleObject
2025-06-08 18:11:12: Freeing object: TRegion
2025-06-08 18:11:12: Freeing object: TAnchorSide
2025-06-08 18:11:12: Freeing object: TAnchorSide
2025-06-08 18:11:12: Freeing object: TAnchorSide
2025-06-08 18:11:12: Freeing object: TAnchorSide
2025-06-08 18:11:12: Freeing object: TControlBorderSpacing
2025-06-08 18:11:12: Freeing object: TSizeConstraints
2025-06-08 18:11:12: Freeing object: TFont
2025-06-08 18:11:12: Freeing object: TLazAccessibleObject
2025-06-08 18:11:12: Freeing object: TRegion
2025-06-08 18:11:12: Freeing object: TAnchorSide
2025-06-08 18:11:12: Freeing object: TAnchorSide
2025-06-08 18:11:12: Freeing object: TAnchorSide
2025-06-08 18:11:12: Freeing object: TAnchorSide
2025-06-08 18:11:12: Freeing object: TControlBorderSpacing
2025-06-08 18:11:12: Freeing object: TSizeConstraints
2025-06-08 18:11:12: Freeing object: TFont
2025-06-08 18:11:12: Freeing object: TLazAccessibleObject
2025-06-08 18:11:12: Freeing object: TRegion
2025-06-08 18:11:12: Freeing object: TAnchorSide
2025-06-08 18:11:12: Freeing object: TAnchorSide
2025-06-08 18:11:12: Freeing object: TAnchorSide
2025-06-08 18:11:12: Freeing object: TAnchorSide
2025-06-08 18:11:12: Freeing object: TControlBorderSpacing
2025-06-08 18:11:12: Freeing object: TSizeConstraints
2025-06-08 18:11:12: Freeing object: TFont
2025-06-08 18:11:12: Freeing object: TLazAccessibleObject
2025-06-08 18:11:12: Freeing object: TIcon
2025-06-08 18:11:12: Freeing object: TWindowMagnetOptions
2025-06-08 18:11:12: Freeing object: TControlScrollBar
2025-06-08 18:11:12: Freeing object: TControlScrollBar
2025-06-08 18:11:12: Freeing object: TRegion
2025-06-08 18:11:12: Freeing object: TBrush
2025-06-08 18:11:12: Freeing object: TControlChildSizing
2025-06-08 18:11:12: Freeing object: TAnchorSide
2025-06-08 18:11:12: Freeing object: TAnchorSide
2025-06-08 18:11:12: Freeing object: TAnchorSide
2025-06-08 18:11:12: Freeing object: TAnchorSide
2025-06-08 18:11:12: Freeing object: TControlBorderSpacing
2025-06-08 18:11:12: Freeing object: TSizeConstraints
2025-06-08 18:11:12: Freeing object: TFont
2025-06-08 18:11:12: Freeing object: TLazAccessibleObject
2025-06-08 18:11:12: Freeing object: TRegion
2025-06-08 18:11:12: Freeing object: TAnchorSide
2025-06-08 18:11:12: Freeing object: TAnchorSide
2025-06-08 18:11:12: Freeing object: TAnchorSide
2025-06-08 18:11:12: Freeing object: TAnchorSide
2025-06-08 18:11:12: Freeing object: TControlBorderSpacing
2025-06-08 18:11:12: Freeing object: TSizeConstraints
2025-06-08 18:11:12: Freeing object: TFont
2025-06-08 18:11:12: Freeing object: TLazAccessibleObject
2025-06-08 18:11:12: Freeing object: TRegion
2025-06-08 18:11:12: Freeing object: TAnchorSide
2025-06-08 18:11:12: Freeing object: TAnchorSide
2025-06-08 18:11:12: Freeing object: TAnchorSide
2025-06-08 18:11:12: Freeing object: TAnchorSide
2025-06-08 18:11:12: Freeing object: TControlBorderSpacing
2025-06-08 18:11:12: Freeing object: TSizeConstraints
2025-06-08 18:11:12: Freeing object: TFont
2025-06-08 18:11:12: Freeing object: TLazAccessibleObject
2025-06-08 18:11:12: Freeing object: TRegion
2025-06-08 18:11:12: Freeing object: TControlChildSizing
2025-06-08 18:11:12: Freeing object: TAnchorSide
2025-06-08 18:11:12: Freeing object: TAnchorSide
2025-06-08 18:11:12: Freeing object: TAnchorSide
2025-06-08 18:11:12: Freeing object: TAnchorSide
2025-06-08 18:11:12: Freeing object: TControlBorderSpacing
2025-06-08 18:11:12: Freeing object: TSizeConstraints
2025-06-08 18:11:12: Freeing object: TFont
2025-06-08 18:11:12: Freeing object: TLazAccessibleObject
2025-06-08 18:11:12: Freeing object: TRegion
2025-06-08 18:11:12: Freeing object: TControlChildSizing
2025-06-08 18:11:12: Freeing object: TAnchorSide
2025-06-08 18:11:12: Freeing object: TAnchorSide
2025-06-08 18:11:12: Freeing object: TAnchorSide
2025-06-08 18:11:12: Freeing object: TAnchorSide
2025-06-08 18:11:12: Freeing object: TControlBorderSpacing
2025-06-08 18:11:12: Freeing object: TSizeConstraints
2025-06-08 18:11:12: Freeing object: TFont
2025-06-08 18:11:12: Freeing object: TLazAccessibleObject
2025-06-08 18:11:12: Freeing object: TMethodList
2025-06-08 18:11:12: Freeing object: TRegion
2025-06-08 18:11:12: Freeing object: TControlChildSizing
2025-06-08 18:11:12: Freeing object: TAnchorSide
2025-06-08 18:11:12: Freeing object: TAnchorSide
2025-06-08 18:11:12: Freeing object: TAnchorSide
2025-06-08 18:11:12: Freeing object: TAnchorSide
2025-06-08 18:11:12: Freeing object: TControlBorderSpacing
2025-06-08 18:11:12: Freeing object: TSizeConstraints
2025-06-08 18:11:12: Freeing object: TFont
2025-06-08 18:11:12: Freeing object: TLazAccessibleObject
2025-06-08 18:11:12: Freeing object: TRegion
2025-06-08 18:11:12: Freeing object: TAnchorSide
2025-06-08 18:11:12: Freeing object: TAnchorSide
2025-06-08 18:11:12: Freeing object: TAnchorSide
2025-06-08 18:11:12: Freeing object: TAnchorSide
2025-06-08 18:11:12: Freeing object: TControlBorderSpacing
2025-06-08 18:11:12: Freeing object: TSizeConstraints
2025-06-08 18:11:12: Freeing object: TFont
2025-06-08 18:11:12: Freeing object: TLazAccessibleObject
2025-06-08 18:11:12: Freeing object: TRegion
2025-06-08 18:11:12: Freeing object: TAnchorSide
2025-06-08 18:11:12: Freeing object: TAnchorSide
2025-06-08 18:11:12: Freeing object: TAnchorSide
2025-06-08 18:11:12: Freeing object: TAnchorSide
2025-06-08 18:11:12: Freeing object: TControlBorderSpacing
2025-06-08 18:11:12: Freeing object: TSizeConstraints
2025-06-08 18:11:12: Freeing object: TFont
2025-06-08 18:11:12: Freeing object: TLazAccessibleObject
2025-06-08 18:11:12: Freeing object: TRegion
2025-06-08 18:11:12: Freeing object: TAnchorSide
2025-06-08 18:11:12: Freeing object: TAnchorSide
2025-06-08 18:11:12: Freeing object: TAnchorSide
2025-06-08 18:11:12: Freeing object: TAnchorSide
2025-06-08 18:11:12: Freeing object: TControlBorderSpacing
2025-06-08 18:11:12: Freeing object: TSizeConstraints
2025-06-08 18:11:12: Freeing object: TFont
2025-06-08 18:11:12: Freeing object: TLazAccessibleObject
2025-06-08 18:11:12: Freeing object: TRegion
2025-06-08 18:11:12: Freeing object: TAnchorSide
2025-06-08 18:11:12: Freeing object: TAnchorSide
2025-06-08 18:11:12: Freeing object: TAnchorSide
2025-06-08 18:11:12: Freeing object: TAnchorSide
2025-06-08 18:11:12: Freeing object: TControlBorderSpacing
2025-06-08 18:11:12: Freeing object: TSizeConstraints
2025-06-08 18:11:12: Freeing object: TFont
2025-06-08 18:11:12: Freeing object: TLazAccessibleObject
2025-06-08 18:11:12: Freeing object: TRegion
2025-06-08 18:11:12: Freeing object: TAnchorSide
2025-06-08 18:11:12: Freeing object: TAnchorSide
2025-06-08 18:11:12: Freeing object: TAnchorSide
2025-06-08 18:11:12: Freeing object: TAnchorSide
2025-06-08 18:11:12: Freeing object: TControlBorderSpacing
2025-06-08 18:11:12: Freeing object: TSizeConstraints
2025-06-08 18:11:12: Freeing object: TFont
2025-06-08 18:11:12: Freeing object: TLazAccessibleObject
2025-06-08 18:11:12: Freeing object: TRegion
2025-06-08 18:11:12: Freeing object: TAnchorSide
2025-06-08 18:11:12: Freeing object: TAnchorSide
2025-06-08 18:11:12: Freeing object: TAnchorSide
2025-06-08 18:11:12: Freeing object: TAnchorSide
2025-06-08 18:11:12: Freeing object: TControlBorderSpacing
2025-06-08 18:11:12: Freeing object: TSizeConstraints
2025-06-08 18:11:12: Freeing object: TFont
2025-06-08 18:11:12: Freeing object: TLazAccessibleObject
2025-06-08 18:11:12: Freeing object: TRegion
2025-06-08 18:11:12: Freeing object: TAnchorSide
2025-06-08 18:11:12: Freeing object: TAnchorSide
2025-06-08 18:11:12: Freeing object: TAnchorSide
2025-06-08 18:11:12: Freeing object: TAnchorSide
2025-06-08 18:11:12: Freeing object: TControlBorderSpacing
2025-06-08 18:11:12: Freeing object: TSizeConstraints
2025-06-08 18:11:12: Freeing object: TFont
2025-06-08 18:11:12: Freeing object: TLazAccessibleObject
2025-06-08 18:11:12: Freeing object: TRegion
2025-06-08 18:11:12: Freeing object: TAnchorSide
2025-06-08 18:11:12: Freeing object: TAnchorSide
2025-06-08 18:11:12: Freeing object: TAnchorSide
2025-06-08 18:11:12: Freeing object: TAnchorSide
2025-06-08 18:11:12: Freeing object: TControlBorderSpacing
2025-06-08 18:11:12: Freeing object: TSizeConstraints
2025-06-08 18:11:12: Freeing object: TFont
2025-06-08 18:11:12: Freeing object: TLazAccessibleObject
2025-06-08 18:11:12: Freeing object: TRegion
2025-06-08 18:11:12: Freeing object: TAnchorSide
2025-06-08 18:11:12: Freeing object: TAnchorSide
2025-06-08 18:11:12: Freeing object: TAnchorSide
2025-06-08 18:11:12: Freeing object: TAnchorSide
2025-06-08 18:11:12: Freeing object: TControlBorderSpacing
2025-06-08 18:11:12: Freeing object: TSizeConstraints
2025-06-08 18:11:12: Freeing object: TFont
2025-06-08 18:11:12: Freeing object: TLazAccessibleObject
2025-06-08 18:11:12: Freeing object: TRegion
2025-06-08 18:11:12: Freeing object: TAnchorSide
2025-06-08 18:11:12: Freeing object: TAnchorSide
2025-06-08 18:11:12: Freeing object: TAnchorSide
2025-06-08 18:11:12: Freeing object: TAnchorSide
2025-06-08 18:11:12: Freeing object: TControlBorderSpacing
2025-06-08 18:11:12: Freeing object: TSizeConstraints
2025-06-08 18:11:12: Freeing object: TFont
2025-06-08 18:11:12: Freeing object: TLazAccessibleObject
2025-06-08 18:11:12: Freeing object: TRegion
2025-06-08 18:11:12: Freeing object: TAnchorSide
2025-06-08 18:11:12: Freeing object: TAnchorSide
2025-06-08 18:11:12: Freeing object: TAnchorSide
2025-06-08 18:11:12: Freeing object: TAnchorSide
2025-06-08 18:11:12: Freeing object: TControlBorderSpacing
2025-06-08 18:11:12: Freeing object: TSizeConstraints
2025-06-08 18:11:12: Freeing object: TFont
2025-06-08 18:11:12: Freeing object: TLazAccessibleObject
2025-06-08 18:11:12: Freeing object: TRegion
2025-06-08 18:11:12: Freeing object: TAnchorSide
2025-06-08 18:11:12: Freeing object: TAnchorSide
2025-06-08 18:11:12: Freeing object: TAnchorSide
2025-06-08 18:11:12: Freeing object: TAnchorSide
2025-06-08 18:11:12: Freeing object: TControlBorderSpacing
2025-06-08 18:11:12: Freeing object: TSizeConstraints
2025-06-08 18:11:12: Freeing object: TFont
2025-06-08 18:11:12: Freeing object: TLazAccessibleObject
2025-06-08 18:11:12: Freeing object: TRegion
2025-06-08 18:11:12: Freeing object: TAnchorSide
2025-06-08 18:11:12: Freeing object: TAnchorSide
2025-06-08 18:11:12: Freeing object: TAnchorSide
2025-06-08 18:11:12: Freeing object: TAnchorSide
2025-06-08 18:11:12: Freeing object: TControlBorderSpacing
2025-06-08 18:11:12: Freeing object: TSizeConstraints
2025-06-08 18:11:12: Freeing object: TFont
2025-06-08 18:11:12: Freeing object: TLazAccessibleObject
2025-06-08 18:11:12: Freeing object: TRegion
2025-06-08 18:11:12: Freeing object: TControlChildSizing
2025-06-08 18:11:12: Freeing object: TAnchorSide
2025-06-08 18:11:12: Freeing object: TAnchorSide
2025-06-08 18:11:12: Freeing object: TAnchorSide
2025-06-08 18:11:12: Freeing object: TAnchorSide
2025-06-08 18:11:12: Freeing object: TControlBorderSpacing
2025-06-08 18:11:12: Freeing object: TSizeConstraints
2025-06-08 18:11:12: Freeing object: TFont
2025-06-08 18:11:12: Freeing object: TLazAccessibleObject
2025-06-08 18:11:12: Freeing object: TMethodList
2025-06-08 18:11:12: Freeing object: TIcon
2025-06-08 18:11:12: Freeing object: TWordList
2025-06-08 18:11:12: Freeing object: TDragManagerDefault
2025-06-08 18:11:12: Freeing object: TMouse
2025-06-08 18:11:12: Freeing object: TScreen
2025-06-08 18:11:12: Freeing object: TFont
2025-06-08 18:11:12: Freeing object: TFPList
2025-06-08 18:11:12: Freeing object: TFPList
2025-06-08 18:11:12: Freeing object: TFPList
2025-06-08 18:11:12: Freeing object: TFPList
2025-06-08 18:11:12: Freeing object: TFPList
